[2017-03-14 20:00:05] local.ERROR: exception 'Symfony\Component\Console\Exception\CommandNotFoundException' with message 'Command "server" is not defined.

Did you mean this?
    serve' in C:\wamp\www\firstProject\vendor\symfony\console\Application.php:515
Stack trace:
#0 C:\wamp\www\firstProject\vendor\symfony\console\Application.php(183): Symfony\Component\Console\Application->find('server')
#1 C:\wamp\www\firstProject\vendor\symfony\console\Application.php(117): Symfony\Component\Console\Application->doRun(Object(Symfony\Component\Console\Input\ArgvInput), Object(Symfony\Component\Console\Output\ConsoleOutput))
#2 C:\wamp\www\firstProject\vendor\laravel\framework\src\Illuminate\Foundation\Console\Kernel.php(107): Symfony\Component\Console\Application->run(Object(Symfony\Component\Console\Input\ArgvInput), Object(Symfony\Component\Console\Output\ConsoleOutput))
#3 C:\wamp\www\firstProject\artisan(36): Illuminate\Foundation\Console\Kernel->handle(Object(Symfony\Component\Console\Input\ArgvInput), Object(Symfony\Component\Console\Output\ConsoleOutput))
#4 {main}  
[2017-05-16 09:54:44] local.ERROR: exception 'Symfony\Component\Console\Exception\CommandNotFoundException' with message 'Command "server" is not defined.

Did you mean this?
    serve' in C:\wamp\www\firstProject\vendor\symfony\console\Application.php:515
Stack trace:
#0 C:\wamp\www\firstProject\vendor\symfony\console\Application.php(183): Symfony\Component\Console\Application->find('server')
#1 C:\wamp\www\firstProject\vendor\symfony\console\Application.php(117): Symfony\Component\Console\Application->doRun(Object(Symfony\Component\Console\Input\ArgvInput), Object(Symfony\Component\Console\Output\ConsoleOutput))
#2 C:\wamp\www\firstProject\vendor\laravel\framework\src\Illuminate\Foundation\Console\Kernel.php(107): Symfony\Component\Console\Application->run(Object(Symfony\Component\Console\Input\ArgvInput), Object(Symfony\Component\Console\Output\ConsoleOutput))
#3 C:\wamp\www\firstProject\artisan(36): Illuminate\Foundation\Console\Kernel->handle(Object(Symfony\Component\Console\Input\ArgvInput), Object(Symfony\Component\Console\Output\ConsoleOutput))
#4 {main}  
[2017-05-16 10:28:17] local.ERROR: exception 'Symfony\Component\Console\Exception\CommandNotFoundException' with message 'Command "key" is not defined.

Did you mean this?
    key:generate' in C:\wamp\www\firstProject\vendor\symfony\console\Application.php:515
Stack trace:
#0 C:\wamp\www\firstProject\vendor\symfony\console\Application.php(183): Symfony\Component\Console\Application->find('key')
#1 C:\wamp\www\firstProject\vendor\symfony\console\Application.php(117): Symfony\Component\Console\Application->doRun(Object(Symfony\Component\Console\Input\ArgvInput), Object(Symfony\Component\Console\Output\ConsoleOutput))
#2 C:\wamp\www\firstProject\vendor\laravel\framework\src\Illuminate\Foundation\Console\Kernel.php(107): Symfony\Component\Console\Application->run(Object(Symfony\Component\Console\Input\ArgvInput), Object(Symfony\Component\Console\Output\ConsoleOutput))
#3 C:\wamp\www\firstProject\artisan(36): Illuminate\Foundation\Console\Kernel->handle(Object(Symfony\Component\Console\Input\ArgvInput), Object(Symfony\Component\Console\Output\ConsoleOutput))
#4 {main}  
[2017-05-26 15:36:29] local.ERROR: exception 'Symfony\Component\Console\Exception\CommandNotFoundException' with message 'Command "server" is not defined.

Did you mean this?
    serve' in C:\wamp\www\firstProject\vendor\symfony\console\Application.php:515
Stack trace:
#0 C:\wamp\www\firstProject\vendor\symfony\console\Application.php(183): Symfony\Component\Console\Application->find('server')
#1 C:\wamp\www\firstProject\vendor\symfony\console\Application.php(117): Symfony\Component\Console\Application->doRun(Object(Symfony\Component\Console\Input\ArgvInput), Object(Symfony\Component\Console\Output\ConsoleOutput))
#2 C:\wamp\www\firstProject\vendor\laravel\framework\src\Illuminate\Foundation\Console\Kernel.php(107): Symfony\Component\Console\Application->run(Object(Symfony\Component\Console\Input\ArgvInput), Object(Symfony\Component\Console\Output\ConsoleOutput))
#3 C:\wamp\www\firstProject\artisan(36): Illuminate\Foundation\Console\Kernel->handle(Object(Symfony\Component\Console\Input\ArgvInput), Object(Symfony\Component\Console\Output\ConsoleOutput))
#4 {main}  
[2017-05-26 19:33:05] local.ERROR: exception 'Symfony\Component\Debug\Exception\FatalErrorException' with message 'syntax error, unexpected '}'' in C:\wamp\www\firstProject\app\Http\routes.php:21
Stack trace:
#0 {main}  
[2017-05-28 20:35:16] local.ERROR: exception 'Symfony\Component\Debug\Exception\FatalErrorException' with message 'syntax error, unexpected ';'' in C:\wamp\www\firstProject\app\Http\routes.php:28
Stack trace:
#0 {main}  
[2017-05-28 20:41:11] local.ERROR: exception 'Symfony\Component\Console\Exception\CommandNotFoundException' with message 'Command "server" is not defined.

Did you mean this?
    serve' in C:\wamp\www\firstProject\vendor\symfony\console\Application.php:515
Stack trace:
#0 C:\wamp\www\firstProject\vendor\symfony\console\Application.php(183): Symfony\Component\Console\Application->find('server')
#1 C:\wamp\www\firstProject\vendor\symfony\console\Application.php(117): Symfony\Component\Console\Application->doRun(Object(Symfony\Component\Console\Input\ArgvInput), Object(Symfony\Component\Console\Output\ConsoleOutput))
#2 C:\wamp\www\firstProject\vendor\laravel\framework\src\Illuminate\Foundation\Console\Kernel.php(107): Symfony\Component\Console\Application->run(Object(Symfony\Component\Console\Input\ArgvInput), Object(Symfony\Component\Console\Output\ConsoleOutput))
#3 C:\wamp\www\firstProject\artisan(36): Illuminate\Foundation\Console\Kernel->handle(Object(Symfony\Component\Console\Input\ArgvInput), Object(Symfony\Component\Console\Output\ConsoleOutput))
#4 {main}  
[2017-05-28 21:37:54] local.ERROR: exception 'Symfony\Component\Debug\Exception\FatalErrorException' with message 'syntax error, unexpected end of file' in C:\wamp\www\firstProject\app\Http\routes.php:16
Stack trace:
#0 {main}  
[2017-05-28 21:38:15] local.ERROR: exception 'Symfony\Component\Debug\Exception\FatalErrorException' with message 'syntax error, unexpected end of file' in C:\wamp\www\firstProject\app\Http\routes.php:16
Stack trace:
#0 {main}  
[2017-05-28 21:38:19] local.ERROR: exception 'Symfony\Component\Debug\Exception\FatalErrorException' with message 'syntax error, unexpected end of file' in C:\wamp\www\firstProject\app\Http\routes.php:16
Stack trace:
#0 {main}  
[2017-05-28 21:38:22] local.ERROR: exception 'Symfony\Component\Debug\Exception\FatalErrorException' with message 'syntax error, unexpected end of file' in C:\wamp\www\firstProject\app\Http\routes.php:16
Stack trace:
#0 {main}  
[2017-05-28 21:39:11] local.ERROR: exception 'Symfony\Component\Debug\Exception\FatalErrorException' with message 'syntax error, unexpected end of file' in C:\wamp\www\firstProject\app\Http\routes.php:16
Stack trace:
#0 {main}  
[2017-05-28 21:46:12] local.ERROR: exception 'InvalidArgumentException' with message 'View [This is my Home] not found.' in C:\wamp\www\firstProject\vendor\laravel\framework\src\Illuminate\View\FileViewFinder.php:137
Stack trace:
#0 C:\wamp\www\firstProject\vendor\laravel\framework\src\Illuminate\View\FileViewFinder.php(79): Illuminate\View\FileViewFinder->findInPaths('This is my Home', Array)
#1 C:\wamp\www\firstProject\vendor\laravel\framework\src\Illuminate\View\Factory.php(165): Illuminate\View\FileViewFinder->find('This is my Home')
#2 C:\wamp\www\firstProject\vendor\laravel\framework\src\Illuminate\Foundation\helpers.php(779): Illuminate\View\Factory->make('This is my Home', Array, Array)
#3 C:\wamp\www\firstProject\app\Http\routes.php(22): view('This is my Home')
#4 [internal function]: App\Providers\RouteServiceProvider->{closure}()
#5 C:\wamp\www\firstProject\vendor\laravel\framework\src\Illuminate\Routing\Route.php(158): call_user_func_array(Object(Closure), Array)
#6 C:\wamp\www\firstProject\vendor\laravel\framework\src\Illuminate\Routing\Route.php(137): Illuminate\Routing\Route->runCallable(Object(Illuminate\Http\Request))
#7 C:\wamp\www\firstProject\vendor\laravel\framework\src\Illuminate\Routing\Router.php(724): Illuminate\Routing\Route->run(Object(Illuminate\Http\Request))
#8 [internal function]: Illuminate\Routing\Router->Illuminate\Routing\{closure}(Object(Illuminate\Http\Request))
#9 C:\wamp\www\firstProject\vendor\laravel\framework\src\Illuminate\Routing\Pipeline.php(52): call_user_func(Object(Closure), Object(Illuminate\Http\Request))
#10 C:\wamp\www\firstProject\vendor\laravel\framework\src\Illuminate\Foundation\Http\Middleware\VerifyCsrfToken.php(64): Illuminate\Routing\Pipeline->Illuminate\Routing\{closure}(Object(Illuminate\Http\Request))
#11 [internal function]: Illuminate\Foundation\Http\Middleware\VerifyCsrfToken->handle(Object(Illuminate\Http\Request), Object(Closure))
#12 C:\wamp\www\firstProject\vendor\laravel\framework\src\Illuminate\Pipeline\Pipeline.php(136): call_user_func_array(Array, Array)
#13 [internal function]: Illuminate\Pipeline\Pipeline->Illuminate\Pipeline\{closure}(Object(Illuminate\Http\Request))
#14 C:\wamp\www\firstProject\vendor\laravel\framework\src\Illuminate\Routing\Pipeline.php(32): call_user_func(Object(Closure), Object(Illuminate\Http\Request))
#15 C:\wamp\www\firstProject\vendor\laravel\framework\src\Illuminate\View\Middleware\ShareErrorsFromSession.php(49): Illuminate\Routing\Pipeline->Illuminate\Routing\{closure}(Object(Illuminate\Http\Request))
#16 [internal function]: Illuminate\View\Middleware\ShareErrorsFromSession->handle(Object(Illuminate\Http\Request), Object(Closure))
#17 C:\wamp\www\firstProject\vendor\laravel\framework\src\Illuminate\Pipeline\Pipeline.php(136): call_user_func_array(Array, Array)
#18 [internal function]: Illuminate\Pipeline\Pipeline->Illuminate\Pipeline\{closure}(Object(Illuminate\Http\Request))
#19 C:\wamp\www\firstProject\vendor\laravel\framework\src\Illuminate\Routing\Pipeline.php(32): call_user_func(Object(Closure), Object(Illuminate\Http\Request))
#20 C:\wamp\www\firstProject\vendor\laravel\framework\src\Illuminate\Session\Middleware\StartSession.php(64): Illuminate\Routing\Pipeline->Illuminate\Routing\{closure}(Object(Illuminate\Http\Request))
#21 [internal function]: Illuminate\Session\Middleware\StartSession->handle(Object(Illuminate\Http\Request), Object(Closure))
#22 C:\wamp\www\firstProject\vendor\laravel\framework\src\Illuminate\Pipeline\Pipeline.php(136): call_user_func_array(Array, Array)
#23 [internal function]: Illuminate\Pipeline\Pipeline->Illuminate\Pipeline\{closure}(Object(Illuminate\Http\Request))
#24 C:\wamp\www\firstProject\vendor\laravel\framework\src\Illuminate\Routing\Pipeline.php(32): call_user_func(Object(Closure), Object(Illuminate\Http\Request))
#25 C:\wamp\www\firstProject\vendor\laravel\framework\src\Illuminate\Cookie\Middleware\AddQueuedCookiesToResponse.php(37): Illuminate\Routing\Pipeline->Illuminate\Routing\{closure}(Object(Illuminate\Http\Request))
#26 [internal function]: Illuminate\Cookie\Middleware\AddQueuedCookiesToResponse->handle(Object(Illuminate\Http\Request), Object(Closure))
#27 C:\wamp\www\firstProject\vendor\laravel\framework\src\Illuminate\Pipeline\Pipeline.php(136): call_user_func_array(Array, Array)
#28 [internal function]: Illuminate\Pipeline\Pipeline->Illuminate\Pipeline\{closure}(Object(Illuminate\Http\Request))
#29 C:\wamp\www\firstProject\vendor\laravel\framework\src\Illuminate\Routing\Pipeline.php(32): call_user_func(Object(Closure), Object(Illuminate\Http\Request))
#30 C:\wamp\www\firstProject\vendor\laravel\framework\src\Illuminate\Cookie\Middleware\EncryptCookies.php(59): Illuminate\Routing\Pipeline->Illuminate\Routing\{closure}(Object(Illuminate\Http\Request))
#31 [internal function]: Illuminate\Cookie\Middleware\EncryptCookies->handle(Object(Illuminate\Http\Request), Object(Closure))
#32 C:\wamp\www\firstProject\vendor\laravel\framework\src\Illuminate\Pipeline\Pipeline.php(136): call_user_func_array(Array, Array)
#33 [internal function]: Illuminate\Pipeline\Pipeline->Illuminate\Pipeline\{closure}(Object(Illuminate\Http\Request))
#34 C:\wamp\www\firstProject\vendor\laravel\framework\src\Illuminate\Routing\Pipeline.php(32): call_user_func(Object(Closure), Object(Illuminate\Http\Request))
#35 [internal function]: Illuminate\Routing\Pipeline->Illuminate\Routing\{closure}(Object(Illuminate\Http\Request))
#36 C:\wamp\www\firstProject\vendor\laravel\framework\src\Illuminate\Pipeline\Pipeline.php(103): call_user_func(Object(Closure), Object(Illuminate\Http\Request))
#37 C:\wamp\www\firstProject\vendor\laravel\framework\src\Illuminate\Routing\Router.php(726): Illuminate\Pipeline\Pipeline->then(Object(Closure))
#38 C:\wamp\www\firstProject\vendor\laravel\framework\src\Illuminate\Routing\Router.php(699): Illuminate\Routing\Router->runRouteWithinStack(Object(Illuminate\Routing\Route), Object(Illuminate\Http\Request))
#39 C:\wamp\www\firstProject\vendor\laravel\framework\src\Illuminate\Routing\Router.php(675): Illuminate\Routing\Router->dispatchToRoute(Object(Illuminate\Http\Request))
#40 C:\wamp\www\firstProject\vendor\laravel\framework\src\Illuminate\Foundation\Http\Kernel.php(246): Illuminate\Routing\Router->dispatch(Object(Illuminate\Http\Request))
#41 [internal function]: Illuminate\Foundation\Http\Kernel->Illuminate\Foundation\Http\{closure}(Object(Illuminate\Http\Request))
#42 C:\wamp\www\firstProject\vendor\laravel\framework\src\Illuminate\Routing\Pipeline.php(52): call_user_func(Object(Closure), Object(Illuminate\Http\Request))
#43 C:\wamp\www\firstProject\vendor\laravel\framework\src\Illuminate\Foundation\Http\Middleware\CheckForMaintenanceMode.php(44): Illuminate\Routing\Pipeline->Illuminate\Routing\{closure}(Object(Illuminate\Http\Request))
#44 [internal function]: Illuminate\Foundation\Http\Middleware\CheckForMaintenanceMode->handle(Object(Illuminate\Http\Request), Object(Closure))
#45 C:\wamp\www\firstProject\vendor\laravel\framework\src\Illuminate\Pipeline\Pipeline.php(136): call_user_func_array(Array, Array)
#46 [internal function]: Illuminate\Pipeline\Pipeline->Illuminate\Pipeline\{closure}(Object(Illuminate\Http\Request))
#47 C:\wamp\www\firstProject\vendor\laravel\framework\src\Illuminate\Routing\Pipeline.php(32): call_user_func(Object(Closure), Object(Illuminate\Http\Request))
#48 [internal function]: Illuminate\Routing\Pipeline->Illuminate\Routing\{closure}(Object(Illuminate\Http\Request))
#49 C:\wamp\www\firstProject\vendor\laravel\framework\src\Illuminate\Pipeline\Pipeline.php(103): call_user_func(Object(Closure), Object(Illuminate\Http\Request))
#50 C:\wamp\www\firstProject\vendor\laravel\framework\src\Illuminate\Foundation\Http\Kernel.php(132): Illuminate\Pipeline\Pipeline->then(Object(Closure))
#51 C:\wamp\www\firstProject\vendor\laravel\framework\src\Illuminate\Foundation\Http\Kernel.php(99): Illuminate\Foundation\Http\Kernel->sendRequestThroughRouter(Object(Illuminate\Http\Request))
#52 C:\wamp\www\firstProject\public\index.php(54): Illuminate\Foundation\Http\Kernel->handle(Object(Illuminate\Http\Request))
#53 C:\wamp\www\firstProject\server.php(21): require_once('C:\\wamp\\www\\fir...')
#54 {main}  
[2017-05-29 14:37:57] local.ERROR: exception 'Symfony\Component\Debug\Exception\FatalErrorException' with message 'syntax error, unexpected '}'' in C:\wamp\www\firstProject\app\Http\routes.php:28
Stack trace:
#0 {main}  
[2017-05-29 17:38:21] local.ERROR: exception 'Symfony\Component\Console\Exception\CommandNotFoundException' with message 'Command "server" is not defined.

Did you mean this?
    serve' in C:\wamp\www\firstProject\vendor\symfony\console\Application.php:515
Stack trace:
#0 C:\wamp\www\firstProject\vendor\symfony\console\Application.php(183): Symfony\Component\Console\Application->find('server')
#1 C:\wamp\www\firstProject\vendor\symfony\console\Application.php(117): Symfony\Component\Console\Application->doRun(Object(Symfony\Component\Console\Input\ArgvInput), Object(Symfony\Component\Console\Output\ConsoleOutput))
#2 C:\wamp\www\firstProject\vendor\laravel\framework\src\Illuminate\Foundation\Console\Kernel.php(107): Symfony\Component\Console\Application->run(Object(Symfony\Component\Console\Input\ArgvInput), Object(Symfony\Component\Console\Output\ConsoleOutput))
#3 C:\wamp\www\firstProject\artisan(36): Illuminate\Foundation\Console\Kernel->handle(Object(Symfony\Component\Console\Input\ArgvInput), Object(Symfony\Component\Console\Output\ConsoleOutput))
#4 {main}  
[2017-05-29 17:43:43] local.ERROR: exception 'Symfony\Component\Console\Exception\CommandNotFoundException' with message 'Command "server" is not defined.

Did you mean this?
    serve' in C:\wamp\www\firstProject\vendor\symfony\console\Application.php:515
Stack trace:
#0 C:\wamp\www\firstProject\vendor\symfony\console\Application.php(183): Symfony\Component\Console\Application->find('server')
#1 C:\wamp\www\firstProject\vendor\symfony\console\Application.php(117): Symfony\Component\Console\Application->doRun(Object(Symfony\Component\Console\Input\ArgvInput), Object(Symfony\Component\Console\Output\ConsoleOutput))
#2 C:\wamp\www\firstProject\vendor\laravel\framework\src\Illuminate\Foundation\Console\Kernel.php(107): Symfony\Component\Console\Application->run(Object(Symfony\Component\Console\Input\ArgvInput), Object(Symfony\Component\Console\Output\ConsoleOutput))
#3 C:\wamp\www\firstProject\artisan(36): Illuminate\Foundation\Console\Kernel->handle(Object(Symfony\Component\Console\Input\ArgvInput), Object(Symfony\Component\Console\Output\ConsoleOutput))
#4 {main}  
[2017-05-29 19:13:15] local.ERROR: exception 'Symfony\Component\Console\Exception\CommandNotFoundException' with message 'Command "server" is not defined.

Did you mean this?
    serve' in C:\wamp\www\firstProject\vendor\symfony\console\Application.php:515
Stack trace:
#0 C:\wamp\www\firstProject\vendor\symfony\console\Application.php(183): Symfony\Component\Console\Application->find('server')
#1 C:\wamp\www\firstProject\vendor\symfony\console\Application.php(117): Symfony\Component\Console\Application->doRun(Object(Symfony\Component\Console\Input\ArgvInput), Object(Symfony\Component\Console\Output\ConsoleOutput))
#2 C:\wamp\www\firstProject\vendor\laravel\framework\src\Illuminate\Foundation\Console\Kernel.php(107): Symfony\Component\Console\Application->run(Object(Symfony\Component\Console\Input\ArgvInput), Object(Symfony\Component\Console\Output\ConsoleOutput))
#3 C:\wamp\www\firstProject\artisan(36): Illuminate\Foundation\Console\Kernel->handle(Object(Symfony\Component\Console\Input\ArgvInput), Object(Symfony\Component\Console\Output\ConsoleOutput))
#4 {main}  
[2017-05-29 19:15:40] local.ERROR: exception 'Symfony\Component\Console\Exception\CommandNotFoundException' with message 'Command "server" is not defined.

Did you mean this?
    serve' in C:\wamp\www\firstProject\vendor\symfony\console\Application.php:515
Stack trace:
#0 C:\wamp\www\firstProject\vendor\symfony\console\Application.php(183): Symfony\Component\Console\Application->find('server')
#1 C:\wamp\www\firstProject\vendor\symfony\console\Application.php(117): Symfony\Component\Console\Application->doRun(Object(Symfony\Component\Console\Input\ArgvInput), Object(Symfony\Component\Console\Output\ConsoleOutput))
#2 C:\wamp\www\firstProject\vendor\laravel\framework\src\Illuminate\Foundation\Console\Kernel.php(107): Symfony\Component\Console\Application->run(Object(Symfony\Component\Console\Input\ArgvInput), Object(Symfony\Component\Console\Output\ConsoleOutput))
#3 C:\wamp\www\firstProject\artisan(36): Illuminate\Foundation\Console\Kernel->handle(Object(Symfony\Component\Console\Input\ArgvInput), Object(Symfony\Component\Console\Output\ConsoleOutput))
#4 {main}  
[2017-05-29 19:43:43] local.ERROR: exception 'ReflectionException' with message 'Class App\Http\Controllers\CollectionController does not exist' in C:\wamp\www\firstProject\vendor\laravel\framework\src\Illuminate\Routing\ControllerInspector.php:35
Stack trace:
#0 C:\wamp\www\firstProject\vendor\laravel\framework\src\Illuminate\Routing\ControllerInspector.php(35): ReflectionClass->__construct('App\\Http\\Contro...')
#1 C:\wamp\www\firstProject\vendor\laravel\framework\src\Illuminate\Routing\Router.php(256): Illuminate\Routing\ControllerInspector->getRoutable('App\\Http\\Contro...', 'collection')
#2 C:\wamp\www\firstProject\vendor\laravel\framework\src\Illuminate\Support\Facades\Facade.php(219): Illuminate\Routing\Router->controller('collection', 'CollectionContr...')
#3 C:\wamp\www\firstProject\app\Http\routes.php(24): Illuminate\Support\Facades\Facade::__callStatic('controller', Array)
#4 C:\wamp\www\firstProject\app\Http\routes.php(24): Illuminate\Support\Facades\Route::controller('collection', 'CollectionContr...')
#5 C:\wamp\www\firstProject\app\Providers\RouteServiceProvider.php(58): require('C:\\wamp\\www\\fir...')
#6 [internal function]: App\Providers\RouteServiceProvider->App\Providers\{closure}(Object(Illuminate\Routing\Router))
#7 C:\wamp\www\firstProject\vendor\laravel\framework\src\Illuminate\Routing\Router.php(398): call_user_func(Object(Closure), Object(Illuminate\Routing\Router))
#8 C:\wamp\www\firstProject\app\Providers\RouteServiceProvider.php(59): Illuminate\Routing\Router->group(Array, Object(Closure))
#9 C:\wamp\www\firstProject\app\Providers\RouteServiceProvider.php(40): App\Providers\RouteServiceProvider->mapWebRoutes(Object(Illuminate\Routing\Router))
#10 [internal function]: App\Providers\RouteServiceProvider->map(Object(Illuminate\Routing\Router))
#11 C:\wamp\www\firstProject\vendor\laravel\framework\src\Illuminate\Container\Container.php(507): call_user_func_array(Array, Array)
#12 C:\wamp\www\firstProject\vendor\laravel\framework\src\Illuminate\Foundation\Support\Providers\RouteServiceProvider.php(72): Illuminate\Container\Container->call(Array)
#13 C:\wamp\www\firstProject\vendor\laravel\framework\src\Illuminate\Foundation\Support\Providers\RouteServiceProvider.php(31): Illuminate\Foundation\Support\Providers\RouteServiceProvider->loadRoutes()
#14 C:\wamp\www\firstProject\app\Providers\RouteServiceProvider.php(29): Illuminate\Foundation\Support\Providers\RouteServiceProvider->boot(Object(Illuminate\Routing\Router))
#15 [internal function]: App\Providers\RouteServiceProvider->boot(Object(Illuminate\Routing\Router))
#16 C:\wamp\www\firstProject\vendor\laravel\framework\src\Illuminate\Container\Container.php(507): call_user_func_array(Array, Array)
#17 C:\wamp\www\firstProject\vendor\laravel\framework\src\Illuminate\Foundation\Application.php(757): Illuminate\Container\Container->call(Array)
#18 C:\wamp\www\firstProject\vendor\laravel\framework\src\Illuminate\Foundation\Application.php(740): Illuminate\Foundation\Application->bootProvider(Object(App\Providers\RouteServiceProvider))
#19 [internal function]: Illuminate\Foundation\Application->Illuminate\Foundation\{closure}(Object(App\Providers\RouteServiceProvider), 14)
#20 C:\wamp\www\firstProject\vendor\laravel\framework\src\Illuminate\Foundation\Application.php(741): array_walk(Array, Object(Closure))
#21 C:\wamp\www\firstProject\vendor\laravel\framework\src\Illuminate\Foundation\Bootstrap\BootProviders.php(17): Illuminate\Foundation\Application->boot()
#22 C:\wamp\www\firstProject\vendor\laravel\framework\src\Illuminate\Foundation\Application.php(203): Illuminate\Foundation\Bootstrap\BootProviders->bootstrap(Object(Illuminate\Foundation\Application))
#23 C:\wamp\www\firstProject\vendor\laravel\framework\src\Illuminate\Foundation\Console\Kernel.php(219): Illuminate\Foundation\Application->bootstrapWith(Array)
#24 C:\wamp\www\firstProject\vendor\laravel\framework\src\Illuminate\Foundation\Console\Kernel.php(105): Illuminate\Foundation\Console\Kernel->bootstrap()
#25 C:\wamp\www\firstProject\artisan(36): Illuminate\Foundation\Console\Kernel->handle(Object(Symfony\Component\Console\Input\ArgvInput), Object(Symfony\Component\Console\Output\ConsoleOutput))
#26 {main}  
[2017-05-29 20:12:54] local.ERROR: exception 'ReflectionException' with message 'Class App\Http\Controllers\CollectionController does not exist' in C:\wamp\www\firstProject\vendor\laravel\framework\src\Illuminate\Routing\ControllerInspector.php:35
Stack trace:
#0 C:\wamp\www\firstProject\vendor\laravel\framework\src\Illuminate\Routing\ControllerInspector.php(35): ReflectionClass->__construct('App\\Http\\Contro...')
#1 C:\wamp\www\firstProject\vendor\laravel\framework\src\Illuminate\Routing\Router.php(256): Illuminate\Routing\ControllerInspector->getRoutable('App\\Http\\Contro...', 'collection')
#2 C:\wamp\www\firstProject\vendor\laravel\framework\src\Illuminate\Support\Facades\Facade.php(219): Illuminate\Routing\Router->controller('collection', 'CollectionContr...')
#3 C:\wamp\www\firstProject\app\Http\routes.php(24): Illuminate\Support\Facades\Facade::__callStatic('controller', Array)
#4 C:\wamp\www\firstProject\app\Http\routes.php(24): Illuminate\Support\Facades\Route::controller('collection', 'CollectionContr...')
#5 C:\wamp\www\firstProject\app\Providers\RouteServiceProvider.php(58): require('C:\\wamp\\www\\fir...')
#6 [internal function]: App\Providers\RouteServiceProvider->App\Providers\{closure}(Object(Illuminate\Routing\Router))
#7 C:\wamp\www\firstProject\vendor\laravel\framework\src\Illuminate\Routing\Router.php(398): call_user_func(Object(Closure), Object(Illuminate\Routing\Router))
#8 C:\wamp\www\firstProject\app\Providers\RouteServiceProvider.php(59): Illuminate\Routing\Router->group(Array, Object(Closure))
#9 C:\wamp\www\firstProject\app\Providers\RouteServiceProvider.php(40): App\Providers\RouteServiceProvider->mapWebRoutes(Object(Illuminate\Routing\Router))
#10 [internal function]: App\Providers\RouteServiceProvider->map(Object(Illuminate\Routing\Router))
#11 C:\wamp\www\firstProject\vendor\laravel\framework\src\Illuminate\Container\Container.php(507): call_user_func_array(Array, Array)
#12 C:\wamp\www\firstProject\vendor\laravel\framework\src\Illuminate\Foundation\Support\Providers\RouteServiceProvider.php(72): Illuminate\Container\Container->call(Array)
#13 C:\wamp\www\firstProject\vendor\laravel\framework\src\Illuminate\Foundation\Support\Providers\RouteServiceProvider.php(31): Illuminate\Foundation\Support\Providers\RouteServiceProvider->loadRoutes()
#14 C:\wamp\www\firstProject\app\Providers\RouteServiceProvider.php(29): Illuminate\Foundation\Support\Providers\RouteServiceProvider->boot(Object(Illuminate\Routing\Router))
#15 [internal function]: App\Providers\RouteServiceProvider->boot(Object(Illuminate\Routing\Router))
#16 C:\wamp\www\firstProject\vendor\laravel\framework\src\Illuminate\Container\Container.php(507): call_user_func_array(Array, Array)
#17 C:\wamp\www\firstProject\vendor\laravel\framework\src\Illuminate\Foundation\Application.php(757): Illuminate\Container\Container->call(Array)
#18 C:\wamp\www\firstProject\vendor\laravel\framework\src\Illuminate\Foundation\Application.php(740): Illuminate\Foundation\Application->bootProvider(Object(App\Providers\RouteServiceProvider))
#19 [internal function]: Illuminate\Foundation\Application->Illuminate\Foundation\{closure}(Object(App\Providers\RouteServiceProvider), 14)
#20 C:\wamp\www\firstProject\vendor\laravel\framework\src\Illuminate\Foundation\Application.php(741): array_walk(Array, Object(Closure))
#21 C:\wamp\www\firstProject\vendor\laravel\framework\src\Illuminate\Foundation\Bootstrap\BootProviders.php(17): Illuminate\Foundation\Application->boot()
#22 C:\wamp\www\firstProject\vendor\laravel\framework\src\Illuminate\Foundation\Application.php(203): Illuminate\Foundation\Bootstrap\BootProviders->bootstrap(Object(Illuminate\Foundation\Application))
#23 C:\wamp\www\firstProject\vendor\laravel\framework\src\Illuminate\Foundation\Console\Kernel.php(219): Illuminate\Foundation\Application->bootstrapWith(Array)
#24 C:\wamp\www\firstProject\vendor\laravel\framework\src\Illuminate\Foundation\Console\Kernel.php(105): Illuminate\Foundation\Console\Kernel->bootstrap()
#25 C:\wamp\www\firstProject\artisan(36): Illuminate\Foundation\Console\Kernel->handle(Object(Symfony\Component\Console\Input\ArgvInput), Object(Symfony\Component\Console\Output\ConsoleOutput))
#26 {main}  
[2017-05-29 20:13:23] local.ERROR: exception 'ReflectionException' with message 'Class App\Http\Controllers\CollectionController does not exist' in C:\wamp\www\firstProject\vendor\laravel\framework\src\Illuminate\Routing\ControllerInspector.php:35
Stack trace:
#0 C:\wamp\www\firstProject\vendor\laravel\framework\src\Illuminate\Routing\ControllerInspector.php(35): ReflectionClass->__construct('App\\Http\\Contro...')
#1 C:\wamp\www\firstProject\vendor\laravel\framework\src\Illuminate\Routing\Router.php(256): Illuminate\Routing\ControllerInspector->getRoutable('App\\Http\\Contro...', 'collection')
#2 C:\wamp\www\firstProject\vendor\laravel\framework\src\Illuminate\Support\Facades\Facade.php(219): Illuminate\Routing\Router->controller('collection', 'CollectionContr...')
#3 C:\wamp\www\firstProject\app\Http\routes.php(24): Illuminate\Support\Facades\Facade::__callStatic('controller', Array)
#4 C:\wamp\www\firstProject\app\Http\routes.php(24): Illuminate\Support\Facades\Route::controller('collection', 'CollectionContr...')
#5 C:\wamp\www\firstProject\app\Providers\RouteServiceProvider.php(58): require('C:\\wamp\\www\\fir...')
#6 [internal function]: App\Providers\RouteServiceProvider->App\Providers\{closure}(Object(Illuminate\Routing\Router))
#7 C:\wamp\www\firstProject\vendor\laravel\framework\src\Illuminate\Routing\Router.php(398): call_user_func(Object(Closure), Object(Illuminate\Routing\Router))
#8 C:\wamp\www\firstProject\app\Providers\RouteServiceProvider.php(59): Illuminate\Routing\Router->group(Array, Object(Closure))
#9 C:\wamp\www\firstProject\app\Providers\RouteServiceProvider.php(40): App\Providers\RouteServiceProvider->mapWebRoutes(Object(Illuminate\Routing\Router))
#10 [internal function]: App\Providers\RouteServiceProvider->map(Object(Illuminate\Routing\Router))
#11 C:\wamp\www\firstProject\vendor\laravel\framework\src\Illuminate\Container\Container.php(507): call_user_func_array(Array, Array)
#12 C:\wamp\www\firstProject\vendor\laravel\framework\src\Illuminate\Foundation\Support\Providers\RouteServiceProvider.php(72): Illuminate\Container\Container->call(Array)
#13 C:\wamp\www\firstProject\vendor\laravel\framework\src\Illuminate\Foundation\Support\Providers\RouteServiceProvider.php(31): Illuminate\Foundation\Support\Providers\RouteServiceProvider->loadRoutes()
#14 C:\wamp\www\firstProject\app\Providers\RouteServiceProvider.php(29): Illuminate\Foundation\Support\Providers\RouteServiceProvider->boot(Object(Illuminate\Routing\Router))
#15 [internal function]: App\Providers\RouteServiceProvider->boot(Object(Illuminate\Routing\Router))
#16 C:\wamp\www\firstProject\vendor\laravel\framework\src\Illuminate\Container\Container.php(507): call_user_func_array(Array, Array)
#17 C:\wamp\www\firstProject\vendor\laravel\framework\src\Illuminate\Foundation\Application.php(757): Illuminate\Container\Container->call(Array)
#18 C:\wamp\www\firstProject\vendor\laravel\framework\src\Illuminate\Foundation\Application.php(740): Illuminate\Foundation\Application->bootProvider(Object(App\Providers\RouteServiceProvider))
#19 [internal function]: Illuminate\Foundation\Application->Illuminate\Foundation\{closure}(Object(App\Providers\RouteServiceProvider), 14)
#20 C:\wamp\www\firstProject\vendor\laravel\framework\src\Illuminate\Foundation\Application.php(741): array_walk(Array, Object(Closure))
#21 C:\wamp\www\firstProject\vendor\laravel\framework\src\Illuminate\Foundation\Bootstrap\BootProviders.php(17): Illuminate\Foundation\Application->boot()
#22 C:\wamp\www\firstProject\vendor\laravel\framework\src\Illuminate\Foundation\Application.php(203): Illuminate\Foundation\Bootstrap\BootProviders->bootstrap(Object(Illuminate\Foundation\Application))
#23 C:\wamp\www\firstProject\vendor\laravel\framework\src\Illuminate\Foundation\Console\Kernel.php(219): Illuminate\Foundation\Application->bootstrapWith(Array)
#24 C:\wamp\www\firstProject\vendor\laravel\framework\src\Illuminate\Foundation\Console\Kernel.php(105): Illuminate\Foundation\Console\Kernel->bootstrap()
#25 C:\wamp\www\firstProject\artisan(36): Illuminate\Foundation\Console\Kernel->handle(Object(Symfony\Component\Console\Input\ArgvInput), Object(Symfony\Component\Console\Output\ConsoleOutput))
#26 {main}  
[2017-05-30 18:22:27] local.ERROR: exception 'ReflectionException' with message 'Class App\Http\Controllers\CollectionController does not exist' in C:\wamp\www\firstProject\vendor\laravel\framework\src\Illuminate\Routing\ControllerInspector.php:35
Stack trace:
#0 C:\wamp\www\firstProject\vendor\laravel\framework\src\Illuminate\Routing\ControllerInspector.php(35): ReflectionClass->__construct('App\\Http\\Contro...')
#1 C:\wamp\www\firstProject\vendor\laravel\framework\src\Illuminate\Routing\Router.php(256): Illuminate\Routing\ControllerInspector->getRoutable('App\\Http\\Contro...', 'collection')
#2 C:\wamp\www\firstProject\vendor\laravel\framework\src\Illuminate\Support\Facades\Facade.php(219): Illuminate\Routing\Router->controller('collection', 'CollectionContr...')
#3 C:\wamp\www\firstProject\app\Http\routes.php(24): Illuminate\Support\Facades\Facade::__callStatic('controller', Array)
#4 C:\wamp\www\firstProject\app\Http\routes.php(24): Illuminate\Support\Facades\Route::controller('collection', 'CollectionContr...')
#5 C:\wamp\www\firstProject\app\Providers\RouteServiceProvider.php(58): require('C:\\wamp\\www\\fir...')
#6 [internal function]: App\Providers\RouteServiceProvider->App\Providers\{closure}(Object(Illuminate\Routing\Router))
#7 C:\wamp\www\firstProject\vendor\laravel\framework\src\Illuminate\Routing\Router.php(398): call_user_func(Object(Closure), Object(Illuminate\Routing\Router))
#8 C:\wamp\www\firstProject\app\Providers\RouteServiceProvider.php(59): Illuminate\Routing\Router->group(Array, Object(Closure))
#9 C:\wamp\www\firstProject\app\Providers\RouteServiceProvider.php(40): App\Providers\RouteServiceProvider->mapWebRoutes(Object(Illuminate\Routing\Router))
#10 [internal function]: App\Providers\RouteServiceProvider->map(Object(Illuminate\Routing\Router))
#11 C:\wamp\www\firstProject\vendor\laravel\framework\src\Illuminate\Container\Container.php(507): call_user_func_array(Array, Array)
#12 C:\wamp\www\firstProject\vendor\laravel\framework\src\Illuminate\Foundation\Support\Providers\RouteServiceProvider.php(72): Illuminate\Container\Container->call(Array)
#13 C:\wamp\www\firstProject\vendor\laravel\framework\src\Illuminate\Foundation\Support\Providers\RouteServiceProvider.php(31): Illuminate\Foundation\Support\Providers\RouteServiceProvider->loadRoutes()
#14 C:\wamp\www\firstProject\app\Providers\RouteServiceProvider.php(29): Illuminate\Foundation\Support\Providers\RouteServiceProvider->boot(Object(Illuminate\Routing\Router))
#15 [internal function]: App\Providers\RouteServiceProvider->boot(Object(Illuminate\Routing\Router))
#16 C:\wamp\www\firstProject\vendor\laravel\framework\src\Illuminate\Container\Container.php(507): call_user_func_array(Array, Array)
#17 C:\wamp\www\firstProject\vendor\laravel\framework\src\Illuminate\Foundation\Application.php(757): Illuminate\Container\Container->call(Array)
#18 C:\wamp\www\firstProject\vendor\laravel\framework\src\Illuminate\Foundation\Application.php(740): Illuminate\Foundation\Application->bootProvider(Object(App\Providers\RouteServiceProvider))
#19 [internal function]: Illuminate\Foundation\Application->Illuminate\Foundation\{closure}(Object(App\Providers\RouteServiceProvider), 14)
#20 C:\wamp\www\firstProject\vendor\laravel\framework\src\Illuminate\Foundation\Application.php(741): array_walk(Array, Object(Closure))
#21 C:\wamp\www\firstProject\vendor\laravel\framework\src\Illuminate\Foundation\Bootstrap\BootProviders.php(17): Illuminate\Foundation\Application->boot()
#22 C:\wamp\www\firstProject\vendor\laravel\framework\src\Illuminate\Foundation\Application.php(203): Illuminate\Foundation\Bootstrap\BootProviders->bootstrap(Object(Illuminate\Foundation\Application))
#23 C:\wamp\www\firstProject\vendor\laravel\framework\src\Illuminate\Foundation\Console\Kernel.php(219): Illuminate\Foundation\Application->bootstrapWith(Array)
#24 C:\wamp\www\firstProject\vendor\laravel\framework\src\Illuminate\Foundation\Console\Kernel.php(105): Illuminate\Foundation\Console\Kernel->bootstrap()
#25 C:\wamp\www\firstProject\artisan(36): Illuminate\Foundation\Console\Kernel->handle(Object(Symfony\Component\Console\Input\ArgvInput), Object(Symfony\Component\Console\Output\ConsoleOutput))
#26 {main}  
[2017-05-30 18:23:26] local.ERROR: exception 'ReflectionException' with message 'Class App\Http\Controllers\CollectionController does not exist' in C:\wamp\www\firstProject\vendor\laravel\framework\src\Illuminate\Routing\ControllerInspector.php:35
Stack trace:
#0 C:\wamp\www\firstProject\vendor\laravel\framework\src\Illuminate\Routing\ControllerInspector.php(35): ReflectionClass->__construct('App\\Http\\Contro...')
#1 C:\wamp\www\firstProject\vendor\laravel\framework\src\Illuminate\Routing\Router.php(256): Illuminate\Routing\ControllerInspector->getRoutable('App\\Http\\Contro...', 'collection')
#2 C:\wamp\www\firstProject\vendor\laravel\framework\src\Illuminate\Support\Facades\Facade.php(219): Illuminate\Routing\Router->controller('collection', 'CollectionContr...')
#3 C:\wamp\www\firstProject\app\Http\routes.php(24): Illuminate\Support\Facades\Facade::__callStatic('controller', Array)
#4 C:\wamp\www\firstProject\app\Http\routes.php(24): Illuminate\Support\Facades\Route::controller('collection', 'CollectionContr...')
#5 C:\wamp\www\firstProject\app\Providers\RouteServiceProvider.php(58): require('C:\\wamp\\www\\fir...')
#6 [internal function]: App\Providers\RouteServiceProvider->App\Providers\{closure}(Object(Illuminate\Routing\Router))
#7 C:\wamp\www\firstProject\vendor\laravel\framework\src\Illuminate\Routing\Router.php(398): call_user_func(Object(Closure), Object(Illuminate\Routing\Router))
#8 C:\wamp\www\firstProject\app\Providers\RouteServiceProvider.php(59): Illuminate\Routing\Router->group(Array, Object(Closure))
#9 C:\wamp\www\firstProject\app\Providers\RouteServiceProvider.php(40): App\Providers\RouteServiceProvider->mapWebRoutes(Object(Illuminate\Routing\Router))
#10 [internal function]: App\Providers\RouteServiceProvider->map(Object(Illuminate\Routing\Router))
#11 C:\wamp\www\firstProject\vendor\laravel\framework\src\Illuminate\Container\Container.php(507): call_user_func_array(Array, Array)
#12 C:\wamp\www\firstProject\vendor\laravel\framework\src\Illuminate\Foundation\Support\Providers\RouteServiceProvider.php(72): Illuminate\Container\Container->call(Array)
#13 C:\wamp\www\firstProject\vendor\laravel\framework\src\Illuminate\Foundation\Support\Providers\RouteServiceProvider.php(31): Illuminate\Foundation\Support\Providers\RouteServiceProvider->loadRoutes()
#14 C:\wamp\www\firstProject\app\Providers\RouteServiceProvider.php(29): Illuminate\Foundation\Support\Providers\RouteServiceProvider->boot(Object(Illuminate\Routing\Router))
#15 [internal function]: App\Providers\RouteServiceProvider->boot(Object(Illuminate\Routing\Router))
#16 C:\wamp\www\firstProject\vendor\laravel\framework\src\Illuminate\Container\Container.php(507): call_user_func_array(Array, Array)
#17 C:\wamp\www\firstProject\vendor\laravel\framework\src\Illuminate\Foundation\Application.php(757): Illuminate\Container\Container->call(Array)
#18 C:\wamp\www\firstProject\vendor\laravel\framework\src\Illuminate\Foundation\Application.php(740): Illuminate\Foundation\Application->bootProvider(Object(App\Providers\RouteServiceProvider))
#19 [internal function]: Illuminate\Foundation\Application->Illuminate\Foundation\{closure}(Object(App\Providers\RouteServiceProvider), 14)
#20 C:\wamp\www\firstProject\vendor\laravel\framework\src\Illuminate\Foundation\Application.php(741): array_walk(Array, Object(Closure))
#21 C:\wamp\www\firstProject\vendor\laravel\framework\src\Illuminate\Foundation\Bootstrap\BootProviders.php(17): Illuminate\Foundation\Application->boot()
#22 C:\wamp\www\firstProject\vendor\laravel\framework\src\Illuminate\Foundation\Application.php(203): Illuminate\Foundation\Bootstrap\BootProviders->bootstrap(Object(Illuminate\Foundation\Application))
#23 C:\wamp\www\firstProject\vendor\laravel\framework\src\Illuminate\Foundation\Console\Kernel.php(219): Illuminate\Foundation\Application->bootstrapWith(Array)
#24 C:\wamp\www\firstProject\vendor\laravel\framework\src\Illuminate\Foundation\Console\Kernel.php(105): Illuminate\Foundation\Console\Kernel->bootstrap()
#25 C:\wamp\www\firstProject\artisan(36): Illuminate\Foundation\Console\Kernel->handle(Object(Symfony\Component\Console\Input\ArgvInput), Object(Symfony\Component\Console\Output\ConsoleOutput))
#26 {main}  
[2017-05-30 19:40:29] local.ERROR: exception 'ReflectionException' with message 'Class App\Http\Controllers\CollectionController does not exist' in C:\wamp\www\firstProject\vendor\laravel\framework\src\Illuminate\Routing\ControllerInspector.php:35
Stack trace:
#0 C:\wamp\www\firstProject\vendor\laravel\framework\src\Illuminate\Routing\ControllerInspector.php(35): ReflectionClass->__construct('App\\Http\\Contro...')
#1 C:\wamp\www\firstProject\vendor\laravel\framework\src\Illuminate\Routing\Router.php(256): Illuminate\Routing\ControllerInspector->getRoutable('App\\Http\\Contro...', 'collection')
#2 C:\wamp\www\firstProject\vendor\laravel\framework\src\Illuminate\Support\Facades\Facade.php(219): Illuminate\Routing\Router->controller('collection', 'CollectionContr...')
#3 C:\wamp\www\firstProject\app\Http\routes.php(24): Illuminate\Support\Facades\Facade::__callStatic('controller', Array)
#4 C:\wamp\www\firstProject\app\Http\routes.php(24): Illuminate\Support\Facades\Route::controller('collection', 'CollectionContr...')
#5 C:\wamp\www\firstProject\app\Providers\RouteServiceProvider.php(58): require('C:\\wamp\\www\\fir...')
#6 [internal function]: App\Providers\RouteServiceProvider->App\Providers\{closure}(Object(Illuminate\Routing\Router))
#7 C:\wamp\www\firstProject\vendor\laravel\framework\src\Illuminate\Routing\Router.php(398): call_user_func(Object(Closure), Object(Illuminate\Routing\Router))
#8 C:\wamp\www\firstProject\app\Providers\RouteServiceProvider.php(59): Illuminate\Routing\Router->group(Array, Object(Closure))
#9 C:\wamp\www\firstProject\app\Providers\RouteServiceProvider.php(40): App\Providers\RouteServiceProvider->mapWebRoutes(Object(Illuminate\Routing\Router))
#10 [internal function]: App\Providers\RouteServiceProvider->map(Object(Illuminate\Routing\Router))
#11 C:\wamp\www\firstProject\vendor\laravel\framework\src\Illuminate\Container\Container.php(507): call_user_func_array(Array, Array)
#12 C:\wamp\www\firstProject\vendor\laravel\framework\src\Illuminate\Foundation\Support\Providers\RouteServiceProvider.php(72): Illuminate\Container\Container->call(Array)
#13 C:\wamp\www\firstProject\vendor\laravel\framework\src\Illuminate\Foundation\Support\Providers\RouteServiceProvider.php(31): Illuminate\Foundation\Support\Providers\RouteServiceProvider->loadRoutes()
#14 C:\wamp\www\firstProject\app\Providers\RouteServiceProvider.php(29): Illuminate\Foundation\Support\Providers\RouteServiceProvider->boot(Object(Illuminate\Routing\Router))
#15 [internal function]: App\Providers\RouteServiceProvider->boot(Object(Illuminate\Routing\Router))
#16 C:\wamp\www\firstProject\vendor\laravel\framework\src\Illuminate\Container\Container.php(507): call_user_func_array(Array, Array)
#17 C:\wamp\www\firstProject\vendor\laravel\framework\src\Illuminate\Foundation\Application.php(757): Illuminate\Container\Container->call(Array)
#18 C:\wamp\www\firstProject\vendor\laravel\framework\src\Illuminate\Foundation\Application.php(740): Illuminate\Foundation\Application->bootProvider(Object(App\Providers\RouteServiceProvider))
#19 [internal function]: Illuminate\Foundation\Application->Illuminate\Foundation\{closure}(Object(App\Providers\RouteServiceProvider), 14)
#20 C:\wamp\www\firstProject\vendor\laravel\framework\src\Illuminate\Foundation\Application.php(741): array_walk(Array, Object(Closure))
#21 C:\wamp\www\firstProject\vendor\laravel\framework\src\Illuminate\Foundation\Bootstrap\BootProviders.php(17): Illuminate\Foundation\Application->boot()
#22 C:\wamp\www\firstProject\vendor\laravel\framework\src\Illuminate\Foundation\Application.php(203): Illuminate\Foundation\Bootstrap\BootProviders->bootstrap(Object(Illuminate\Foundation\Application))
#23 C:\wamp\www\firstProject\vendor\laravel\framework\src\Illuminate\Foundation\Console\Kernel.php(219): Illuminate\Foundation\Application->bootstrapWith(Array)
#24 C:\wamp\www\firstProject\vendor\laravel\framework\src\Illuminate\Foundation\Console\Kernel.php(105): Illuminate\Foundation\Console\Kernel->bootstrap()
#25 C:\wamp\www\firstProject\artisan(36): Illuminate\Foundation\Console\Kernel->handle(Object(Symfony\Component\Console\Input\ArgvInput), Object(Symfony\Component\Console\Output\ConsoleOutput))
#26 {main}  
[2017-05-30 19:45:53] local.ERROR: exception 'ReflectionException' with message 'Class App\Http\Controllers\CollectionController does not exist' in C:\wamp\www\firstProject\vendor\laravel\framework\src\Illuminate\Routing\ControllerInspector.php:35
Stack trace:
#0 C:\wamp\www\firstProject\vendor\laravel\framework\src\Illuminate\Routing\ControllerInspector.php(35): ReflectionClass->__construct('App\\Http\\Contro...')
#1 C:\wamp\www\firstProject\vendor\laravel\framework\src\Illuminate\Routing\Router.php(256): Illuminate\Routing\ControllerInspector->getRoutable('App\\Http\\Contro...', 'collection')
#2 C:\wamp\www\firstProject\vendor\laravel\framework\src\Illuminate\Support\Facades\Facade.php(219): Illuminate\Routing\Router->controller('collection', 'CollectionContr...')
#3 C:\wamp\www\firstProject\app\Http\routes.php(24): Illuminate\Support\Facades\Facade::__callStatic('controller', Array)
#4 C:\wamp\www\firstProject\app\Http\routes.php(24): Illuminate\Support\Facades\Route::controller('collection', 'CollectionContr...')
#5 C:\wamp\www\firstProject\app\Providers\RouteServiceProvider.php(58): require('C:\\wamp\\www\\fir...')
#6 [internal function]: App\Providers\RouteServiceProvider->App\Providers\{closure}(Object(Illuminate\Routing\Router))
#7 C:\wamp\www\firstProject\vendor\laravel\framework\src\Illuminate\Routing\Router.php(398): call_user_func(Object(Closure), Object(Illuminate\Routing\Router))
#8 C:\wamp\www\firstProject\app\Providers\RouteServiceProvider.php(59): Illuminate\Routing\Router->group(Array, Object(Closure))
#9 C:\wamp\www\firstProject\app\Providers\RouteServiceProvider.php(40): App\Providers\RouteServiceProvider->mapWebRoutes(Object(Illuminate\Routing\Router))
#10 [internal function]: App\Providers\RouteServiceProvider->map(Object(Illuminate\Routing\Router))
#11 C:\wamp\www\firstProject\vendor\laravel\framework\src\Illuminate\Container\Container.php(507): call_user_func_array(Array, Array)
#12 C:\wamp\www\firstProject\vendor\laravel\framework\src\Illuminate\Foundation\Support\Providers\RouteServiceProvider.php(72): Illuminate\Container\Container->call(Array)
#13 C:\wamp\www\firstProject\vendor\laravel\framework\src\Illuminate\Foundation\Support\Providers\RouteServiceProvider.php(31): Illuminate\Foundation\Support\Providers\RouteServiceProvider->loadRoutes()
#14 C:\wamp\www\firstProject\app\Providers\RouteServiceProvider.php(29): Illuminate\Foundation\Support\Providers\RouteServiceProvider->boot(Object(Illuminate\Routing\Router))
#15 [internal function]: App\Providers\RouteServiceProvider->boot(Object(Illuminate\Routing\Router))
#16 C:\wamp\www\firstProject\vendor\laravel\framework\src\Illuminate\Container\Container.php(507): call_user_func_array(Array, Array)
#17 C:\wamp\www\firstProject\vendor\laravel\framework\src\Illuminate\Foundation\Application.php(757): Illuminate\Container\Container->call(Array)
#18 C:\wamp\www\firstProject\vendor\laravel\framework\src\Illuminate\Foundation\Application.php(740): Illuminate\Foundation\Application->bootProvider(Object(App\Providers\RouteServiceProvider))
#19 [internal function]: Illuminate\Foundation\Application->Illuminate\Foundation\{closure}(Object(App\Providers\RouteServiceProvider), 14)
#20 C:\wamp\www\firstProject\vendor\laravel\framework\src\Illuminate\Foundation\Application.php(741): array_walk(Array, Object(Closure))
#21 C:\wamp\www\firstProject\vendor\laravel\framework\src\Illuminate\Foundation\Bootstrap\BootProviders.php(17): Illuminate\Foundation\Application->boot()
#22 C:\wamp\www\firstProject\vendor\laravel\framework\src\Illuminate\Foundation\Application.php(203): Illuminate\Foundation\Bootstrap\BootProviders->bootstrap(Object(Illuminate\Foundation\Application))
#23 C:\wamp\www\firstProject\vendor\laravel\framework\src\Illuminate\Foundation\Console\Kernel.php(219): Illuminate\Foundation\Application->bootstrapWith(Array)
#24 C:\wamp\www\firstProject\vendor\laravel\framework\src\Illuminate\Foundation\Console\Kernel.php(105): Illuminate\Foundation\Console\Kernel->bootstrap()
#25 C:\wamp\www\firstProject\artisan(36): Illuminate\Foundation\Console\Kernel->handle(Object(Symfony\Component\Console\Input\ArgvInput), Object(Symfony\Component\Console\Output\ConsoleOutput))
#26 {main}  
[2017-05-30 19:47:53] local.ERROR: exception 'ReflectionException' with message 'Class App\Http\Controllers\CollectionController does not exist' in C:\wamp\www\firstProject\vendor\laravel\framework\src\Illuminate\Routing\ControllerInspector.php:35
Stack trace:
#0 C:\wamp\www\firstProject\vendor\laravel\framework\src\Illuminate\Routing\ControllerInspector.php(35): ReflectionClass->__construct('App\\Http\\Contro...')
#1 C:\wamp\www\firstProject\vendor\laravel\framework\src\Illuminate\Routing\Router.php(256): Illuminate\Routing\ControllerInspector->getRoutable('App\\Http\\Contro...', 'collection')
#2 C:\wamp\www\firstProject\vendor\laravel\framework\src\Illuminate\Support\Facades\Facade.php(219): Illuminate\Routing\Router->controller('collection', 'CollectionContr...')
#3 C:\wamp\www\firstProject\app\Http\routes.php(24): Illuminate\Support\Facades\Facade::__callStatic('controller', Array)
#4 C:\wamp\www\firstProject\app\Http\routes.php(24): Illuminate\Support\Facades\Route::controller('collection', 'CollectionContr...')
#5 C:\wamp\www\firstProject\app\Providers\RouteServiceProvider.php(58): require('C:\\wamp\\www\\fir...')
#6 [internal function]: App\Providers\RouteServiceProvider->App\Providers\{closure}(Object(Illuminate\Routing\Router))
#7 C:\wamp\www\firstProject\vendor\laravel\framework\src\Illuminate\Routing\Router.php(398): call_user_func(Object(Closure), Object(Illuminate\Routing\Router))
#8 C:\wamp\www\firstProject\app\Providers\RouteServiceProvider.php(59): Illuminate\Routing\Router->group(Array, Object(Closure))
#9 C:\wamp\www\firstProject\app\Providers\RouteServiceProvider.php(40): App\Providers\RouteServiceProvider->mapWebRoutes(Object(Illuminate\Routing\Router))
#10 [internal function]: App\Providers\RouteServiceProvider->map(Object(Illuminate\Routing\Router))
#11 C:\wamp\www\firstProject\vendor\laravel\framework\src\Illuminate\Container\Container.php(507): call_user_func_array(Array, Array)
#12 C:\wamp\www\firstProject\vendor\laravel\framework\src\Illuminate\Foundation\Support\Providers\RouteServiceProvider.php(72): Illuminate\Container\Container->call(Array)
#13 C:\wamp\www\firstProject\vendor\laravel\framework\src\Illuminate\Foundation\Support\Providers\RouteServiceProvider.php(31): Illuminate\Foundation\Support\Providers\RouteServiceProvider->loadRoutes()
#14 C:\wamp\www\firstProject\app\Providers\RouteServiceProvider.php(29): Illuminate\Foundation\Support\Providers\RouteServiceProvider->boot(Object(Illuminate\Routing\Router))
#15 [internal function]: App\Providers\RouteServiceProvider->boot(Object(Illuminate\Routing\Router))
#16 C:\wamp\www\firstProject\vendor\laravel\framework\src\Illuminate\Container\Container.php(507): call_user_func_array(Array, Array)
#17 C:\wamp\www\firstProject\vendor\laravel\framework\src\Illuminate\Foundation\Application.php(757): Illuminate\Container\Container->call(Array)
#18 C:\wamp\www\firstProject\vendor\laravel\framework\src\Illuminate\Foundation\Application.php(740): Illuminate\Foundation\Application->bootProvider(Object(App\Providers\RouteServiceProvider))
#19 [internal function]: Illuminate\Foundation\Application->Illuminate\Foundation\{closure}(Object(App\Providers\RouteServiceProvider), 14)
#20 C:\wamp\www\firstProject\vendor\laravel\framework\src\Illuminate\Foundation\Application.php(741): array_walk(Array, Object(Closure))
#21 C:\wamp\www\firstProject\vendor\laravel\framework\src\Illuminate\Foundation\Bootstrap\BootProviders.php(17): Illuminate\Foundation\Application->boot()
#22 C:\wamp\www\firstProject\vendor\laravel\framework\src\Illuminate\Foundation\Application.php(203): Illuminate\Foundation\Bootstrap\BootProviders->bootstrap(Object(Illuminate\Foundation\Application))
#23 C:\wamp\www\firstProject\vendor\laravel\framework\src\Illuminate\Foundation\Console\Kernel.php(219): Illuminate\Foundation\Application->bootstrapWith(Array)
#24 C:\wamp\www\firstProject\vendor\laravel\framework\src\Illuminate\Foundation\Console\Kernel.php(105): Illuminate\Foundation\Console\Kernel->bootstrap()
#25 C:\wamp\www\firstProject\artisan(36): Illuminate\Foundation\Console\Kernel->handle(Object(Symfony\Component\Console\Input\ArgvInput), Object(Symfony\Component\Console\Output\ConsoleOutput))
#26 {main}  
[2017-06-01 09:12:31] local.ERROR: exception 'ReflectionException' with message 'Class App\Http\Controllers\CollectionController does not exist' in C:\wamp\www\firstProject\vendor\laravel\framework\src\Illuminate\Routing\ControllerInspector.php:35
Stack trace:
#0 C:\wamp\www\firstProject\vendor\laravel\framework\src\Illuminate\Routing\ControllerInspector.php(35): ReflectionClass->__construct('App\\Http\\Contro...')
#1 C:\wamp\www\firstProject\vendor\laravel\framework\src\Illuminate\Routing\Router.php(256): Illuminate\Routing\ControllerInspector->getRoutable('App\\Http\\Contro...', 'collection')
#2 C:\wamp\www\firstProject\vendor\laravel\framework\src\Illuminate\Support\Facades\Facade.php(219): Illuminate\Routing\Router->controller('collection', 'CollectionContr...')
#3 C:\wamp\www\firstProject\app\Http\routes.php(24): Illuminate\Support\Facades\Facade::__callStatic('controller', Array)
#4 C:\wamp\www\firstProject\app\Http\routes.php(24): Illuminate\Support\Facades\Route::controller('collection', 'CollectionContr...')
#5 C:\wamp\www\firstProject\app\Providers\RouteServiceProvider.php(58): require('C:\\wamp\\www\\fir...')
#6 [internal function]: App\Providers\RouteServiceProvider->App\Providers\{closure}(Object(Illuminate\Routing\Router))
#7 C:\wamp\www\firstProject\vendor\laravel\framework\src\Illuminate\Routing\Router.php(398): call_user_func(Object(Closure), Object(Illuminate\Routing\Router))
#8 C:\wamp\www\firstProject\app\Providers\RouteServiceProvider.php(59): Illuminate\Routing\Router->group(Array, Object(Closure))
#9 C:\wamp\www\firstProject\app\Providers\RouteServiceProvider.php(40): App\Providers\RouteServiceProvider->mapWebRoutes(Object(Illuminate\Routing\Router))
#10 [internal function]: App\Providers\RouteServiceProvider->map(Object(Illuminate\Routing\Router))
#11 C:\wamp\www\firstProject\vendor\laravel\framework\src\Illuminate\Container\Container.php(507): call_user_func_array(Array, Array)
#12 C:\wamp\www\firstProject\vendor\laravel\framework\src\Illuminate\Foundation\Support\Providers\RouteServiceProvider.php(72): Illuminate\Container\Container->call(Array)
#13 C:\wamp\www\firstProject\vendor\laravel\framework\src\Illuminate\Foundation\Support\Providers\RouteServiceProvider.php(31): Illuminate\Foundation\Support\Providers\RouteServiceProvider->loadRoutes()
#14 C:\wamp\www\firstProject\app\Providers\RouteServiceProvider.php(29): Illuminate\Foundation\Support\Providers\RouteServiceProvider->boot(Object(Illuminate\Routing\Router))
#15 [internal function]: App\Providers\RouteServiceProvider->boot(Object(Illuminate\Routing\Router))
#16 C:\wamp\www\firstProject\vendor\laravel\framework\src\Illuminate\Container\Container.php(507): call_user_func_array(Array, Array)
#17 C:\wamp\www\firstProject\vendor\laravel\framework\src\Illuminate\Foundation\Application.php(757): Illuminate\Container\Container->call(Array)
#18 C:\wamp\www\firstProject\vendor\laravel\framework\src\Illuminate\Foundation\Application.php(740): Illuminate\Foundation\Application->bootProvider(Object(App\Providers\RouteServiceProvider))
#19 [internal function]: Illuminate\Foundation\Application->Illuminate\Foundation\{closure}(Object(App\Providers\RouteServiceProvider), 14)
#20 C:\wamp\www\firstProject\vendor\laravel\framework\src\Illuminate\Foundation\Application.php(741): array_walk(Array, Object(Closure))
#21 C:\wamp\www\firstProject\vendor\laravel\framework\src\Illuminate\Foundation\Bootstrap\BootProviders.php(17): Illuminate\Foundation\Application->boot()
#22 C:\wamp\www\firstProject\vendor\laravel\framework\src\Illuminate\Foundation\Application.php(203): Illuminate\Foundation\Bootstrap\BootProviders->bootstrap(Object(Illuminate\Foundation\Application))
#23 C:\wamp\www\firstProject\vendor\laravel\framework\src\Illuminate\Foundation\Console\Kernel.php(219): Illuminate\Foundation\Application->bootstrapWith(Array)
#24 C:\wamp\www\firstProject\vendor\laravel\framework\src\Illuminate\Foundation\Console\Kernel.php(105): Illuminate\Foundation\Console\Kernel->bootstrap()
#25 C:\wamp\www\firstProject\artisan(36): Illuminate\Foundation\Console\Kernel->handle(Object(Symfony\Component\Console\Input\ArgvInput), Object(Symfony\Component\Console\Output\ConsoleOutput))
#26 {main}  
[2017-06-01 09:38:19] local.ERROR: exception 'ReflectionException' with message 'Class App\Http\Controllers\CollectionController does not exist' in C:\wamp\www\firstProject\vendor\laravel\framework\src\Illuminate\Routing\ControllerInspector.php:35
Stack trace:
#0 C:\wamp\www\firstProject\vendor\laravel\framework\src\Illuminate\Routing\ControllerInspector.php(35): ReflectionClass->__construct('App\\Http\\Contro...')
#1 C:\wamp\www\firstProject\vendor\laravel\framework\src\Illuminate\Routing\Router.php(256): Illuminate\Routing\ControllerInspector->getRoutable('App\\Http\\Contro...', 'collection')
#2 C:\wamp\www\firstProject\vendor\laravel\framework\src\Illuminate\Support\Facades\Facade.php(219): Illuminate\Routing\Router->controller('collection', 'CollectionContr...')
#3 C:\wamp\www\firstProject\app\Http\routes.php(24): Illuminate\Support\Facades\Facade::__callStatic('controller', Array)
#4 C:\wamp\www\firstProject\app\Http\routes.php(24): Illuminate\Support\Facades\Route::controller('collection', 'CollectionContr...')
#5 C:\wamp\www\firstProject\app\Providers\RouteServiceProvider.php(58): require('C:\\wamp\\www\\fir...')
#6 [internal function]: App\Providers\RouteServiceProvider->App\Providers\{closure}(Object(Illuminate\Routing\Router))
#7 C:\wamp\www\firstProject\vendor\laravel\framework\src\Illuminate\Routing\Router.php(398): call_user_func(Object(Closure), Object(Illuminate\Routing\Router))
#8 C:\wamp\www\firstProject\app\Providers\RouteServiceProvider.php(59): Illuminate\Routing\Router->group(Array, Object(Closure))
#9 C:\wamp\www\firstProject\app\Providers\RouteServiceProvider.php(40): App\Providers\RouteServiceProvider->mapWebRoutes(Object(Illuminate\Routing\Router))
#10 [internal function]: App\Providers\RouteServiceProvider->map(Object(Illuminate\Routing\Router))
#11 C:\wamp\www\firstProject\vendor\laravel\framework\src\Illuminate\Container\Container.php(507): call_user_func_array(Array, Array)
#12 C:\wamp\www\firstProject\vendor\laravel\framework\src\Illuminate\Foundation\Support\Providers\RouteServiceProvider.php(72): Illuminate\Container\Container->call(Array)
#13 C:\wamp\www\firstProject\vendor\laravel\framework\src\Illuminate\Foundation\Support\Providers\RouteServiceProvider.php(31): Illuminate\Foundation\Support\Providers\RouteServiceProvider->loadRoutes()
#14 C:\wamp\www\firstProject\app\Providers\RouteServiceProvider.php(29): Illuminate\Foundation\Support\Providers\RouteServiceProvider->boot(Object(Illuminate\Routing\Router))
#15 [internal function]: App\Providers\RouteServiceProvider->boot(Object(Illuminate\Routing\Router))
#16 C:\wamp\www\firstProject\vendor\laravel\framework\src\Illuminate\Container\Container.php(507): call_user_func_array(Array, Array)
#17 C:\wamp\www\firstProject\vendor\laravel\framework\src\Illuminate\Foundation\Application.php(757): Illuminate\Container\Container->call(Array)
#18 C:\wamp\www\firstProject\vendor\laravel\framework\src\Illuminate\Foundation\Application.php(740): Illuminate\Foundation\Application->bootProvider(Object(App\Providers\RouteServiceProvider))
#19 [internal function]: Illuminate\Foundation\Application->Illuminate\Foundation\{closure}(Object(App\Providers\RouteServiceProvider), 14)
#20 C:\wamp\www\firstProject\vendor\laravel\framework\src\Illuminate\Foundation\Application.php(741): array_walk(Array, Object(Closure))
#21 C:\wamp\www\firstProject\vendor\laravel\framework\src\Illuminate\Foundation\Bootstrap\BootProviders.php(17): Illuminate\Foundation\Application->boot()
#22 C:\wamp\www\firstProject\vendor\laravel\framework\src\Illuminate\Foundation\Application.php(203): Illuminate\Foundation\Bootstrap\BootProviders->bootstrap(Object(Illuminate\Foundation\Application))
#23 C:\wamp\www\firstProject\vendor\laravel\framework\src\Illuminate\Foundation\Console\Kernel.php(219): Illuminate\Foundation\Application->bootstrapWith(Array)
#24 C:\wamp\www\firstProject\vendor\laravel\framework\src\Illuminate\Foundation\Console\Kernel.php(105): Illuminate\Foundation\Console\Kernel->bootstrap()
#25 C:\wamp\www\firstProject\artisan(36): Illuminate\Foundation\Console\Kernel->handle(Object(Symfony\Component\Console\Input\ArgvInput), Object(Symfony\Component\Console\Output\ConsoleOutput))
#26 {main}  
[2017-06-01 10:34:04] local.ERROR: exception 'ReflectionException' with message 'Class App\Http\Controllers\CollectionController does not exist' in C:\wamp\www\firstProject\vendor\laravel\framework\src\Illuminate\Routing\ControllerInspector.php:35
Stack trace:
#0 C:\wamp\www\firstProject\vendor\laravel\framework\src\Illuminate\Routing\ControllerInspector.php(35): ReflectionClass->__construct('App\\Http\\Contro...')
#1 C:\wamp\www\firstProject\vendor\laravel\framework\src\Illuminate\Routing\Router.php(256): Illuminate\Routing\ControllerInspector->getRoutable('App\\Http\\Contro...', 'collection')
#2 C:\wamp\www\firstProject\vendor\laravel\framework\src\Illuminate\Support\Facades\Facade.php(219): Illuminate\Routing\Router->controller('collection', 'CollectionContr...')
#3 C:\wamp\www\firstProject\app\Http\routes.php(24): Illuminate\Support\Facades\Facade::__callStatic('controller', Array)
#4 C:\wamp\www\firstProject\app\Http\routes.php(24): Illuminate\Support\Facades\Route::controller('collection', 'CollectionContr...')
#5 C:\wamp\www\firstProject\app\Providers\RouteServiceProvider.php(58): require('C:\\wamp\\www\\fir...')
#6 [internal function]: App\Providers\RouteServiceProvider->App\Providers\{closure}(Object(Illuminate\Routing\Router))
#7 C:\wamp\www\firstProject\vendor\laravel\framework\src\Illuminate\Routing\Router.php(398): call_user_func(Object(Closure), Object(Illuminate\Routing\Router))
#8 C:\wamp\www\firstProject\app\Providers\RouteServiceProvider.php(59): Illuminate\Routing\Router->group(Array, Object(Closure))
#9 C:\wamp\www\firstProject\app\Providers\RouteServiceProvider.php(40): App\Providers\RouteServiceProvider->mapWebRoutes(Object(Illuminate\Routing\Router))
#10 [internal function]: App\Providers\RouteServiceProvider->map(Object(Illuminate\Routing\Router))
#11 C:\wamp\www\firstProject\vendor\laravel\framework\src\Illuminate\Container\Container.php(507): call_user_func_array(Array, Array)
#12 C:\wamp\www\firstProject\vendor\laravel\framework\src\Illuminate\Foundation\Support\Providers\RouteServiceProvider.php(72): Illuminate\Container\Container->call(Array)
#13 C:\wamp\www\firstProject\vendor\laravel\framework\src\Illuminate\Foundation\Support\Providers\RouteServiceProvider.php(31): Illuminate\Foundation\Support\Providers\RouteServiceProvider->loadRoutes()
#14 C:\wamp\www\firstProject\app\Providers\RouteServiceProvider.php(29): Illuminate\Foundation\Support\Providers\RouteServiceProvider->boot(Object(Illuminate\Routing\Router))
#15 [internal function]: App\Providers\RouteServiceProvider->boot(Object(Illuminate\Routing\Router))
#16 C:\wamp\www\firstProject\vendor\laravel\framework\src\Illuminate\Container\Container.php(507): call_user_func_array(Array, Array)
#17 C:\wamp\www\firstProject\vendor\laravel\framework\src\Illuminate\Foundation\Application.php(757): Illuminate\Container\Container->call(Array)
#18 C:\wamp\www\firstProject\vendor\laravel\framework\src\Illuminate\Foundation\Application.php(740): Illuminate\Foundation\Application->bootProvider(Object(App\Providers\RouteServiceProvider))
#19 [internal function]: Illuminate\Foundation\Application->Illuminate\Foundation\{closure}(Object(App\Providers\RouteServiceProvider), 14)
#20 C:\wamp\www\firstProject\vendor\laravel\framework\src\Illuminate\Foundation\Application.php(741): array_walk(Array, Object(Closure))
#21 C:\wamp\www\firstProject\vendor\laravel\framework\src\Illuminate\Foundation\Bootstrap\BootProviders.php(17): Illuminate\Foundation\Application->boot()
#22 C:\wamp\www\firstProject\vendor\laravel\framework\src\Illuminate\Foundation\Application.php(203): Illuminate\Foundation\Bootstrap\BootProviders->bootstrap(Object(Illuminate\Foundation\Application))
#23 C:\wamp\www\firstProject\vendor\laravel\framework\src\Illuminate\Foundation\Console\Kernel.php(219): Illuminate\Foundation\Application->bootstrapWith(Array)
#24 C:\wamp\www\firstProject\vendor\laravel\framework\src\Illuminate\Foundation\Console\Kernel.php(105): Illuminate\Foundation\Console\Kernel->bootstrap()
#25 C:\wamp\www\firstProject\artisan(36): Illuminate\Foundation\Console\Kernel->handle(Object(Symfony\Component\Console\Input\ArgvInput), Object(Symfony\Component\Console\Output\ConsoleOutput))
#26 {main}  
[2017-06-06 23:01:27] local.ERROR: exception 'ReflectionException' with message 'Class App\Http\Controllers\CollectionController does not exist' in C:\wamp\www\firstProject\vendor\laravel\framework\src\Illuminate\Routing\ControllerInspector.php:35
Stack trace:
#0 C:\wamp\www\firstProject\vendor\laravel\framework\src\Illuminate\Routing\ControllerInspector.php(35): ReflectionClass->__construct('App\\Http\\Contro...')
#1 C:\wamp\www\firstProject\vendor\laravel\framework\src\Illuminate\Routing\Router.php(256): Illuminate\Routing\ControllerInspector->getRoutable('App\\Http\\Contro...', 'collection')
#2 C:\wamp\www\firstProject\vendor\laravel\framework\src\Illuminate\Support\Facades\Facade.php(219): Illuminate\Routing\Router->controller('collection', 'CollectionContr...')
#3 C:\wamp\www\firstProject\app\Http\routes.php(24): Illuminate\Support\Facades\Facade::__callStatic('controller', Array)
#4 C:\wamp\www\firstProject\app\Http\routes.php(24): Illuminate\Support\Facades\Route::controller('collection', 'CollectionContr...')
#5 C:\wamp\www\firstProject\app\Providers\RouteServiceProvider.php(58): require('C:\\wamp\\www\\fir...')
#6 [internal function]: App\Providers\RouteServiceProvider->App\Providers\{closure}(Object(Illuminate\Routing\Router))
#7 C:\wamp\www\firstProject\vendor\laravel\framework\src\Illuminate\Routing\Router.php(398): call_user_func(Object(Closure), Object(Illuminate\Routing\Router))
#8 C:\wamp\www\firstProject\app\Providers\RouteServiceProvider.php(59): Illuminate\Routing\Router->group(Array, Object(Closure))
#9 C:\wamp\www\firstProject\app\Providers\RouteServiceProvider.php(40): App\Providers\RouteServiceProvider->mapWebRoutes(Object(Illuminate\Routing\Router))
#10 [internal function]: App\Providers\RouteServiceProvider->map(Object(Illuminate\Routing\Router))
#11 C:\wamp\www\firstProject\vendor\laravel\framework\src\Illuminate\Container\Container.php(507): call_user_func_array(Array, Array)
#12 C:\wamp\www\firstProject\vendor\laravel\framework\src\Illuminate\Foundation\Support\Providers\RouteServiceProvider.php(72): Illuminate\Container\Container->call(Array)
#13 C:\wamp\www\firstProject\vendor\laravel\framework\src\Illuminate\Foundation\Support\Providers\RouteServiceProvider.php(31): Illuminate\Foundation\Support\Providers\RouteServiceProvider->loadRoutes()
#14 C:\wamp\www\firstProject\app\Providers\RouteServiceProvider.php(29): Illuminate\Foundation\Support\Providers\RouteServiceProvider->boot(Object(Illuminate\Routing\Router))
#15 [internal function]: App\Providers\RouteServiceProvider->boot(Object(Illuminate\Routing\Router))
#16 C:\wamp\www\firstProject\vendor\laravel\framework\src\Illuminate\Container\Container.php(507): call_user_func_array(Array, Array)
#17 C:\wamp\www\firstProject\vendor\laravel\framework\src\Illuminate\Foundation\Application.php(757): Illuminate\Container\Container->call(Array)
#18 C:\wamp\www\firstProject\vendor\laravel\framework\src\Illuminate\Foundation\Application.php(740): Illuminate\Foundation\Application->bootProvider(Object(App\Providers\RouteServiceProvider))
#19 [internal function]: Illuminate\Foundation\Application->Illuminate\Foundation\{closure}(Object(App\Providers\RouteServiceProvider), 14)
#20 C:\wamp\www\firstProject\vendor\laravel\framework\src\Illuminate\Foundation\Application.php(741): array_walk(Array, Object(Closure))
#21 C:\wamp\www\firstProject\vendor\laravel\framework\src\Illuminate\Foundation\Bootstrap\BootProviders.php(17): Illuminate\Foundation\Application->boot()
#22 C:\wamp\www\firstProject\vendor\laravel\framework\src\Illuminate\Foundation\Application.php(203): Illuminate\Foundation\Bootstrap\BootProviders->bootstrap(Object(Illuminate\Foundation\Application))
#23 C:\wamp\www\firstProject\vendor\laravel\framework\src\Illuminate\Foundation\Console\Kernel.php(219): Illuminate\Foundation\Application->bootstrapWith(Array)
#24 C:\wamp\www\firstProject\vendor\laravel\framework\src\Illuminate\Foundation\Console\Kernel.php(105): Illuminate\Foundation\Console\Kernel->bootstrap()
#25 C:\wamp\www\firstProject\artisan(36): Illuminate\Foundation\Console\Kernel->handle(Object(Symfony\Component\Console\Input\ArgvInput), Object(Symfony\Component\Console\Output\ConsoleOutput))
#26 {main}  
[2017-06-07 00:09:00] local.ERROR: exception 'ReflectionException' with message 'Class App\Http\Controllers\CollectionController does not exist' in C:\wamp\www\firstProject\vendor\laravel\framework\src\Illuminate\Routing\ControllerInspector.php:35
Stack trace:
#0 C:\wamp\www\firstProject\vendor\laravel\framework\src\Illuminate\Routing\ControllerInspector.php(35): ReflectionClass->__construct('App\\Http\\Contro...')
#1 C:\wamp\www\firstProject\vendor\laravel\framework\src\Illuminate\Routing\Router.php(256): Illuminate\Routing\ControllerInspector->getRoutable('App\\Http\\Contro...', 'collection')
#2 C:\wamp\www\firstProject\vendor\laravel\framework\src\Illuminate\Support\Facades\Facade.php(219): Illuminate\Routing\Router->controller('collection', 'CollectionContr...')
#3 C:\wamp\www\firstProject\app\Http\routes.php(24): Illuminate\Support\Facades\Facade::__callStatic('controller', Array)
#4 C:\wamp\www\firstProject\app\Http\routes.php(24): Illuminate\Support\Facades\Route::controller('collection', 'CollectionContr...')
#5 C:\wamp\www\firstProject\app\Providers\RouteServiceProvider.php(58): require('C:\\wamp\\www\\fir...')
#6 [internal function]: App\Providers\RouteServiceProvider->App\Providers\{closure}(Object(Illuminate\Routing\Router))
#7 C:\wamp\www\firstProject\vendor\laravel\framework\src\Illuminate\Routing\Router.php(398): call_user_func(Object(Closure), Object(Illuminate\Routing\Router))
#8 C:\wamp\www\firstProject\app\Providers\RouteServiceProvider.php(59): Illuminate\Routing\Router->group(Array, Object(Closure))
#9 C:\wamp\www\firstProject\app\Providers\RouteServiceProvider.php(40): App\Providers\RouteServiceProvider->mapWebRoutes(Object(Illuminate\Routing\Router))
#10 [internal function]: App\Providers\RouteServiceProvider->map(Object(Illuminate\Routing\Router))
#11 C:\wamp\www\firstProject\vendor\laravel\framework\src\Illuminate\Container\Container.php(507): call_user_func_array(Array, Array)
#12 C:\wamp\www\firstProject\vendor\laravel\framework\src\Illuminate\Foundation\Support\Providers\RouteServiceProvider.php(72): Illuminate\Container\Container->call(Array)
#13 C:\wamp\www\firstProject\vendor\laravel\framework\src\Illuminate\Foundation\Support\Providers\RouteServiceProvider.php(31): Illuminate\Foundation\Support\Providers\RouteServiceProvider->loadRoutes()
#14 C:\wamp\www\firstProject\app\Providers\RouteServiceProvider.php(29): Illuminate\Foundation\Support\Providers\RouteServiceProvider->boot(Object(Illuminate\Routing\Router))
#15 [internal function]: App\Providers\RouteServiceProvider->boot(Object(Illuminate\Routing\Router))
#16 C:\wamp\www\firstProject\vendor\laravel\framework\src\Illuminate\Container\Container.php(507): call_user_func_array(Array, Array)
#17 C:\wamp\www\firstProject\vendor\laravel\framework\src\Illuminate\Foundation\Application.php(757): Illuminate\Container\Container->call(Array)
#18 C:\wamp\www\firstProject\vendor\laravel\framework\src\Illuminate\Foundation\Application.php(740): Illuminate\Foundation\Application->bootProvider(Object(App\Providers\RouteServiceProvider))
#19 [internal function]: Illuminate\Foundation\Application->Illuminate\Foundation\{closure}(Object(App\Providers\RouteServiceProvider), 14)
#20 C:\wamp\www\firstProject\vendor\laravel\framework\src\Illuminate\Foundation\Application.php(741): array_walk(Array, Object(Closure))
#21 C:\wamp\www\firstProject\vendor\laravel\framework\src\Illuminate\Foundation\Bootstrap\BootProviders.php(17): Illuminate\Foundation\Application->boot()
#22 C:\wamp\www\firstProject\vendor\laravel\framework\src\Illuminate\Foundation\Application.php(203): Illuminate\Foundation\Bootstrap\BootProviders->bootstrap(Object(Illuminate\Foundation\Application))
#23 C:\wamp\www\firstProject\vendor\laravel\framework\src\Illuminate\Foundation\Console\Kernel.php(219): Illuminate\Foundation\Application->bootstrapWith(Array)
#24 C:\wamp\www\firstProject\vendor\laravel\framework\src\Illuminate\Foundation\Console\Kernel.php(105): Illuminate\Foundation\Console\Kernel->bootstrap()
#25 C:\wamp\www\firstProject\artisan(36): Illuminate\Foundation\Console\Kernel->handle(Object(Symfony\Component\Console\Input\ArgvInput), Object(Symfony\Component\Console\Output\ConsoleOutput))
#26 {main}  
[2017-06-07 00:17:26] local.ERROR: exception 'ReflectionException' with message 'Class App\Http\Controllers\CollectionController does not exist' in C:\wamp\www\firstProject\vendor\laravel\framework\src\Illuminate\Routing\ControllerInspector.php:35
Stack trace:
#0 C:\wamp\www\firstProject\vendor\laravel\framework\src\Illuminate\Routing\ControllerInspector.php(35): ReflectionClass->__construct('App\\Http\\Contro...')
#1 C:\wamp\www\firstProject\vendor\laravel\framework\src\Illuminate\Routing\Router.php(256): Illuminate\Routing\ControllerInspector->getRoutable('App\\Http\\Contro...', 'collection')
#2 C:\wamp\www\firstProject\vendor\laravel\framework\src\Illuminate\Support\Facades\Facade.php(219): Illuminate\Routing\Router->controller('collection', 'CollectionContr...')
#3 C:\wamp\www\firstProject\app\Http\routes.php(24): Illuminate\Support\Facades\Facade::__callStatic('controller', Array)
#4 C:\wamp\www\firstProject\app\Http\routes.php(24): Illuminate\Support\Facades\Route::controller('collection', 'CollectionContr...')
#5 C:\wamp\www\firstProject\app\Providers\RouteServiceProvider.php(58): require('C:\\wamp\\www\\fir...')
#6 [internal function]: App\Providers\RouteServiceProvider->App\Providers\{closure}(Object(Illuminate\Routing\Router))
#7 C:\wamp\www\firstProject\vendor\laravel\framework\src\Illuminate\Routing\Router.php(398): call_user_func(Object(Closure), Object(Illuminate\Routing\Router))
#8 C:\wamp\www\firstProject\app\Providers\RouteServiceProvider.php(59): Illuminate\Routing\Router->group(Array, Object(Closure))
#9 C:\wamp\www\firstProject\app\Providers\RouteServiceProvider.php(40): App\Providers\RouteServiceProvider->mapWebRoutes(Object(Illuminate\Routing\Router))
#10 [internal function]: App\Providers\RouteServiceProvider->map(Object(Illuminate\Routing\Router))
#11 C:\wamp\www\firstProject\vendor\laravel\framework\src\Illuminate\Container\Container.php(507): call_user_func_array(Array, Array)
#12 C:\wamp\www\firstProject\vendor\laravel\framework\src\Illuminate\Foundation\Support\Providers\RouteServiceProvider.php(72): Illuminate\Container\Container->call(Array)
#13 C:\wamp\www\firstProject\vendor\laravel\framework\src\Illuminate\Foundation\Support\Providers\RouteServiceProvider.php(31): Illuminate\Foundation\Support\Providers\RouteServiceProvider->loadRoutes()
#14 C:\wamp\www\firstProject\app\Providers\RouteServiceProvider.php(29): Illuminate\Foundation\Support\Providers\RouteServiceProvider->boot(Object(Illuminate\Routing\Router))
#15 [internal function]: App\Providers\RouteServiceProvider->boot(Object(Illuminate\Routing\Router))
#16 C:\wamp\www\firstProject\vendor\laravel\framework\src\Illuminate\Container\Container.php(507): call_user_func_array(Array, Array)
#17 C:\wamp\www\firstProject\vendor\laravel\framework\src\Illuminate\Foundation\Application.php(757): Illuminate\Container\Container->call(Array)
#18 C:\wamp\www\firstProject\vendor\laravel\framework\src\Illuminate\Foundation\Application.php(740): Illuminate\Foundation\Application->bootProvider(Object(App\Providers\RouteServiceProvider))
#19 [internal function]: Illuminate\Foundation\Application->Illuminate\Foundation\{closure}(Object(App\Providers\RouteServiceProvider), 14)
#20 C:\wamp\www\firstProject\vendor\laravel\framework\src\Illuminate\Foundation\Application.php(741): array_walk(Array, Object(Closure))
#21 C:\wamp\www\firstProject\vendor\laravel\framework\src\Illuminate\Foundation\Bootstrap\BootProviders.php(17): Illuminate\Foundation\Application->boot()
#22 C:\wamp\www\firstProject\vendor\laravel\framework\src\Illuminate\Foundation\Application.php(203): Illuminate\Foundation\Bootstrap\BootProviders->bootstrap(Object(Illuminate\Foundation\Application))
#23 C:\wamp\www\firstProject\vendor\laravel\framework\src\Illuminate\Foundation\Console\Kernel.php(219): Illuminate\Foundation\Application->bootstrapWith(Array)
#24 C:\wamp\www\firstProject\vendor\laravel\framework\src\Illuminate\Foundation\Console\Kernel.php(105): Illuminate\Foundation\Console\Kernel->bootstrap()
#25 C:\wamp\www\firstProject\artisan(36): Illuminate\Foundation\Console\Kernel->handle(Object(Symfony\Component\Console\Input\ArgvInput), Object(Symfony\Component\Console\Output\ConsoleOutput))
#26 {main}  
[2017-06-07 00:18:25] local.ERROR: exception 'ReflectionException' with message 'Class App\Http\Controllers\CollectionController does not exist' in C:\wamp\www\firstProject\vendor\laravel\framework\src\Illuminate\Routing\ControllerInspector.php:35
Stack trace:
#0 C:\wamp\www\firstProject\vendor\laravel\framework\src\Illuminate\Routing\ControllerInspector.php(35): ReflectionClass->__construct('App\\Http\\Contro...')
#1 C:\wamp\www\firstProject\vendor\laravel\framework\src\Illuminate\Routing\Router.php(256): Illuminate\Routing\ControllerInspector->getRoutable('App\\Http\\Contro...', 'collection')
#2 C:\wamp\www\firstProject\vendor\laravel\framework\src\Illuminate\Support\Facades\Facade.php(219): Illuminate\Routing\Router->controller('collection', 'CollectionContr...')
#3 C:\wamp\www\firstProject\app\Http\routes.php(24): Illuminate\Support\Facades\Facade::__callStatic('controller', Array)
#4 C:\wamp\www\firstProject\app\Http\routes.php(24): Illuminate\Support\Facades\Route::controller('collection', 'CollectionContr...')
#5 C:\wamp\www\firstProject\app\Providers\RouteServiceProvider.php(58): require('C:\\wamp\\www\\fir...')
#6 [internal function]: App\Providers\RouteServiceProvider->App\Providers\{closure}(Object(Illuminate\Routing\Router))
#7 C:\wamp\www\firstProject\vendor\laravel\framework\src\Illuminate\Routing\Router.php(398): call_user_func(Object(Closure), Object(Illuminate\Routing\Router))
#8 C:\wamp\www\firstProject\app\Providers\RouteServiceProvider.php(59): Illuminate\Routing\Router->group(Array, Object(Closure))
#9 C:\wamp\www\firstProject\app\Providers\RouteServiceProvider.php(40): App\Providers\RouteServiceProvider->mapWebRoutes(Object(Illuminate\Routing\Router))
#10 [internal function]: App\Providers\RouteServiceProvider->map(Object(Illuminate\Routing\Router))
#11 C:\wamp\www\firstProject\vendor\laravel\framework\src\Illuminate\Container\Container.php(507): call_user_func_array(Array, Array)
#12 C:\wamp\www\firstProject\vendor\laravel\framework\src\Illuminate\Foundation\Support\Providers\RouteServiceProvider.php(72): Illuminate\Container\Container->call(Array)
#13 C:\wamp\www\firstProject\vendor\laravel\framework\src\Illuminate\Foundation\Support\Providers\RouteServiceProvider.php(31): Illuminate\Foundation\Support\Providers\RouteServiceProvider->loadRoutes()
#14 C:\wamp\www\firstProject\app\Providers\RouteServiceProvider.php(29): Illuminate\Foundation\Support\Providers\RouteServiceProvider->boot(Object(Illuminate\Routing\Router))
#15 [internal function]: App\Providers\RouteServiceProvider->boot(Object(Illuminate\Routing\Router))
#16 C:\wamp\www\firstProject\vendor\laravel\framework\src\Illuminate\Container\Container.php(507): call_user_func_array(Array, Array)
#17 C:\wamp\www\firstProject\vendor\laravel\framework\src\Illuminate\Foundation\Application.php(757): Illuminate\Container\Container->call(Array)
#18 C:\wamp\www\firstProject\vendor\laravel\framework\src\Illuminate\Foundation\Application.php(740): Illuminate\Foundation\Application->bootProvider(Object(App\Providers\RouteServiceProvider))
#19 [internal function]: Illuminate\Foundation\Application->Illuminate\Foundation\{closure}(Object(App\Providers\RouteServiceProvider), 14)
#20 C:\wamp\www\firstProject\vendor\laravel\framework\src\Illuminate\Foundation\Application.php(741): array_walk(Array, Object(Closure))
#21 C:\wamp\www\firstProject\vendor\laravel\framework\src\Illuminate\Foundation\Bootstrap\BootProviders.php(17): Illuminate\Foundation\Application->boot()
#22 C:\wamp\www\firstProject\vendor\laravel\framework\src\Illuminate\Foundation\Application.php(203): Illuminate\Foundation\Bootstrap\BootProviders->bootstrap(Object(Illuminate\Foundation\Application))
#23 C:\wamp\www\firstProject\vendor\laravel\framework\src\Illuminate\Foundation\Console\Kernel.php(219): Illuminate\Foundation\Application->bootstrapWith(Array)
#24 C:\wamp\www\firstProject\vendor\laravel\framework\src\Illuminate\Foundation\Console\Kernel.php(105): Illuminate\Foundation\Console\Kernel->bootstrap()
#25 C:\wamp\www\firstProject\artisan(36): Illuminate\Foundation\Console\Kernel->handle(Object(Symfony\Component\Console\Input\ArgvInput), Object(Symfony\Component\Console\Output\ConsoleOutput))
#26 {main}  
